app/build/intermediates/manifest_merge_blame_file/release/manifest-merger-blame-release-report.txt
1<?xml version="1.0" encoding="utf-8"?>
2<manifest xmlns:android="http://schemas.android.com/apk/res/android"
3    package="com.moderneinstein.android.examples"
4    android:versionCode="1"
5    android:versionName="1.0" >
6
7    <uses-sdk
8        android:minSdkVersion="29"
8-->src\main\AndroidManifest.xml
9        android:targetSdkVersion="31" />
9-->src\main\AndroidManifest.xml
10
11    <application
11-->src\main\AndroidManifest.xml:6:5-20:19
12        android:extractNativeLibs="false"
13        android:icon="@drawable/ic_launcher"
13-->src\main\AndroidManifest.xml:6:52-88
14        android:label="@string/app_title" >
14-->src\main\AndroidManifest.xml:6:18-51
15        <activity
15-->src\main\AndroidManifest.xml:7:9-14:20
16            android:name="com.moderneinstein.android.examples.CentralActivity"
16-->src\main\AndroidManifest.xml:7:19-49
17            android:exported="true"
17-->src\main\AndroidManifest.xml:9:19-43
18            android:label="@string/app_title" >
18-->src\main\AndroidManifest.xml:8:19-52
19            <intent-filter>
19-->src\main\AndroidManifest.xml:10:13-13:29
20                <action android:name="android.intent.action.MAIN" />
20-->src\main\AndroidManifest.xml:11:17-69
20-->src\main\AndroidManifest.xml:11:25-66
21
22                <category android:name="android.intent.category.LAUNCHER" />
22-->src\main\AndroidManifest.xml:12:17-77
22-->src\main\AndroidManifest.xml:12:27-74
23            </intent-filter>
24        </activity>
25        <activity
25-->src\main\AndroidManifest.xml:15:9-19:20
26            android:name="com.moderneinstein.android.examples.DisplayActivity"
26-->src\main\AndroidManifest.xml:18:9-41
27            android:exported="true"
27-->src\main\AndroidManifest.xml:17:9-34
28            android:parentActivityName="com.moderneinstein.android.examples.CentralActivity" >
28-->src\main\AndroidManifest.xml:16:9-53
29        </activity>
30    </application>
31
32</manifest>